<?xml version="1.0" encoding="UTF-8"?>
<!-- Generated by org.testng.reporters.JUnitXMLReporter -->
<testsuite ignored="14" hostname="DESKTOP-0UE9EKQ" failures="6" tests="47" name="Test" time="99.701" errors="0" timestamp="2025-04-10T16:56:36 IST">
  <testcase classname="testBase.LoginPageTest" name="LogininVaildCrential" time="1.659"/>
  <testcase classname="testBase.LoginPageTest" name="LogininVaildCrential" time="1.867"/>
  <testcase classname="testBase.LoginPageTest" name="LogininVaildCrential" time="3.707"/>
  <testcase classname="testBase.LoginPageTest" name="LogininVaildCrential" time="10.727"/>
  <testcase classname="testBase.LoginPageTest" name="LogininVaildCrential" time="2.924"/>
  <testcase classname="testBase.LoginPageTest" name="LogininVaildCrential" time="2.617"/>
  <testcase classname="testBase.LoginPageTest" name="LogininVaildCrential" time="2.264"/>
  <testcase classname="testBase.LoginPageTest" name="LogininVaildCrential" time="1.638"/>
  <testcase classname="testBase.LoginPageTest" name="LogininVaildCrential" time="1.795"/>
  <testcase classname="testBase.LoginPageTest" name="LogininVaildCrential" time="1.292"/>
  <testcase classname="testBase.LoginPageTest" name="Login" time="2.249"/>
  <testcase classname="testBase.LandingPageTest" name="verifyProductTitleVisibility" time="0.778"/>
  <testcase classname="testBase.LandingPageTest" name="verifyLogout" time="2.044">
    <failure type="java.lang.AssertionError" message="expected [https://www.saucedemo.com/] but found [https://www.saucedemo.com/inventory.html]">
      <![CDATA[java.lang.AssertionError: expected [https://www.saucedemo.com/] but found [https://www.saucedemo.com/inventory.html]
at testBase.LandingPageTest.verifyLogout(LandingPageTest.java:54)
at java.base/java.util.ArrayList.forEach(ArrayList.java:1597)
... Removed 31 stack frames]]>
    </failure>
  </testcase> <!-- verifyLogout -->
  <testcase classname="testBase.LandingPageTest" name="verifyMenuAbout" time="15.148">
    <failure type="org.openqa.selenium.NoSuchElementException" message="no such element: Unable to locate element: {&amp;quot;method&amp;quot;:&amp;quot;css selector&amp;quot;,&amp;quot;selector&amp;quot;:&amp;quot;#react\-burger\-menu\-btn&amp;quot;}
  (Session info: chrome=135.0.7049.42)
For documentation on this error, please visit: https://www.selenium.dev/documentation/webdriver/troubleshooting/errors#no-such-element-exception
Build info: version: &amp;apos;4.30.0&amp;apos;, revision: &amp;apos;509c7f17cc*&amp;apos;
System info: os.name: &amp;apos;Windows 10&amp;apos;, os.arch: &amp;apos;amd64&amp;apos;, os.version: &amp;apos;10.0&amp;apos;, java.version: &amp;apos;23.0.1&amp;apos;
Driver info: org.openqa.selenium.chrome.ChromeDriver
Command: [2403ee78d418a0cbbb7b7027c622587e, findElement {using=id, value=react-burger-menu-btn}]
Capabilities {acceptInsecureCerts: false, browserName: chrome, browserVersion: 135.0.7049.42, chrome: {chromedriverVersion: 135.0.7049.84 (6c019e560019..., userDataDir: C:\Users\xmedia\AppData\Loc...}, fedcm:accounts: true, goog:chromeOptions: {debuggerAddress: localhost:58666}, networkConnectionEnabled: false, pageLoadStrategy: normal, platformName: windows, proxy: Proxy(), se:cdp: ws://localhost:58666/devtoo..., se:cdpVersion: 135.0.7049.42, setWindowRect: true, strictFileInteractability: false, timeouts: {implicit: 0, pageLoad: 300000, script: 30000}, unhandledPromptBehavior: dismiss and notify, webauthn:extension:credBlob: true, webauthn:extension:largeBlob: true, webauthn:extension:minPinLength: true, webauthn:extension:prf: true, webauthn:virtualAuthenticators: true}
Session ID: 2403ee78d418a0cbbb7b7027c622587e">
      <![CDATA[org.openqa.selenium.NoSuchElementException: no such element: Unable to locate element: {"method":"css selector","selector":"#react\-burger\-menu\-btn"}
  (Session info: chrome=135.0.7049.42)
For documentation on this error, please visit: https://www.selenium.dev/documentation/webdriver/troubleshooting/errors#no-such-element-exception
Build info: version: '4.30.0', revision: '509c7f17cc*'
System info: os.name: 'Windows 10', os.arch: 'amd64', os.version: '10.0', java.version: '23.0.1'
Driver info: org.openqa.selenium.chrome.ChromeDriver
Command: [2403ee78d418a0cbbb7b7027c622587e, findElement {using=id, value=react-burger-menu-btn}]
Capabilities {acceptInsecureCerts: false, browserName: chrome, browserVersion: 135.0.7049.42, chrome: {chromedriverVersion: 135.0.7049.84 (6c019e560019..., userDataDir: C:\Users\xmedia\AppData\Loc...}, fedcm:accounts: true, goog:chromeOptions: {debuggerAddress: localhost:58666}, networkConnectionEnabled: false, pageLoadStrategy: normal, platformName: windows, proxy: Proxy(), se:cdp: ws://localhost:58666/devtoo..., se:cdpVersion: 135.0.7049.42, setWindowRect: true, strictFileInteractability: false, timeouts: {implicit: 0, pageLoad: 300000, script: 30000}, unhandledPromptBehavior: dismiss and notify, webauthn:extension:credBlob: true, webauthn:extension:largeBlob: true, webauthn:extension:minPinLength: true, webauthn:extension:prf: true, webauthn:virtualAuthenticators: true}
Session ID: 2403ee78d418a0cbbb7b7027c622587e
at org.openqa.selenium.remote.ErrorCodec.decode(ErrorCodec.java:167)
at org.openqa.selenium.remote.codec.w3c.W3CHttpResponseCodec.decode(W3CHttpResponseCodec.java:138)
at org.openqa.selenium.remote.codec.w3c.W3CHttpResponseCodec.decode(W3CHttpResponseCodec.java:50)
at org.openqa.selenium.remote.HttpCommandExecutor.execute(HttpCommandExecutor.java:215)
at org.openqa.selenium.remote.service.DriverCommandExecutor.invokeExecute(DriverCommandExecutor.java:216)
at org.openqa.selenium.remote.service.DriverCommandExecutor.execute(DriverCommandExecutor.java:174)
at org.openqa.selenium.remote.RemoteWebDriver.execute(RemoteWebDriver.java:545)
at org.openqa.selenium.remote.ElementLocation$ElementFinder$2.findElement(ElementLocation.java:165)
at org.openqa.selenium.remote.ElementLocation.findElement(ElementLocation.java:59)
at org.openqa.selenium.remote.RemoteWebDriver.findElement(RemoteWebDriver.java:368)
at org.openqa.selenium.remote.RemoteWebDriver.findElement(RemoteWebDriver.java:362)
at pageObjectClass.LandingPage.clickTheMenuIcon(LandingPage.java:46)
at testBase.LandingPageTest.verifyMenuAbout(LandingPageTest.java:60)
at java.base/java.util.ArrayList.forEach(ArrayList.java:1597)
... Removed 28 stack frames]]>
    </failure>
  </testcase> <!-- verifyMenuAbout -->
  <testcase classname="testBase.LandingPageTest" name="Login" time="4.707"/>
  <testcase classname="testBase.LandingPageTest" name="verifyHomePageLogo" time="0.733"/>
  <testcase classname="testBase.LandingPageTest" name="verifyMenuIconClick" time="0.452"/>
  <testcase classname="testBase.LandingPageTest" name="verifyMenuClose" time="0.832"/>
  <testcase classname="testBase.LandingPageTest" name="verifyMenuAllItemsClick" time="0.924"/>
  <testcase classname="testBase.LandingPageTest" name="verifyAppStoreReset" time="0.249"/>
  <testcase classname="testBase.LandingPageTest" name="verifyProductSortingAZ" time="1.261"/>
  <testcase classname="testBase.LandingPageTest" name="verifyProductSortingZA" time="1.129"/>
  <testcase classname="testBase.LandingPageTest" name="verifyProductSortingHighToLow" time="1.336"/>
  <testcase classname="testBase.LandingPageTest" name="verifyProductSortingLowToHigh" time="1.261"/>
  <testcase classname="testBase.LandingPageTest" name="clickTheAddToCart" time="1.668">
    <failure type="java.lang.AssertionError" message="expected [false] but found [true]">
      <![CDATA[java.lang.AssertionError: expected [false] but found [true]
at testBase.LandingPageTest.clickTheAddToCart(LandingPageTest.java:117)
at java.base/java.util.ArrayList.forEach(ArrayList.java:1597)
... Removed 29 stack frames]]>
    </failure>
  </testcase> <!-- clickTheAddToCart -->
  <testcase classname="testBase.LandingPageTest" name="clickTheRemoveAddToCart" time="1.093"/>
  <testcase classname="testBase.LandingPageTest" name="addToCartBadgevisible" time="0.696"/>
  <testcase classname="testBase.LandingPageTest" name="verifyCartIconVisibility" time="0.967">
    <failure type="org.openqa.selenium.StaleElementReferenceException" message="stale element reference: stale element not found in the current frame
  (Session info: chrome=135.0.7049.42)
For documentation on this error, please visit: https://www.selenium.dev/documentation/webdriver/troubleshooting/errors#stale-element-reference-exception
Build info: version: &amp;apos;4.30.0&amp;apos;, revision: &amp;apos;509c7f17cc*&amp;apos;
System info: os.name: &amp;apos;Windows 10&amp;apos;, os.arch: &amp;apos;amd64&amp;apos;, os.version: &amp;apos;10.0&amp;apos;, java.version: &amp;apos;23.0.1&amp;apos;
Driver info: org.openqa.selenium.chrome.ChromeDriver
Command: [2403ee78d418a0cbbb7b7027c622587e, isElementDisplayed {id=f.FA3B703F1EB47BDFE4ACA6D29F41EE29.d.9289337FFF019AF174825FE90A037568.e.47}]
Capabilities {acceptInsecureCerts: false, browserName: chrome, browserVersion: 135.0.7049.42, chrome: {chromedriverVersion: 135.0.7049.84 (6c019e560019..., userDataDir: C:\Users\xmedia\AppData\Loc...}, fedcm:accounts: true, goog:chromeOptions: {debuggerAddress: localhost:58666}, networkConnectionEnabled: false, pageLoadStrategy: normal, platformName: windows, proxy: Proxy(), se:cdp: ws://localhost:58666/devtoo..., se:cdpVersion: 135.0.7049.42, setWindowRect: true, strictFileInteractability: false, timeouts: {implicit: 0, pageLoad: 300000, script: 30000}, unhandledPromptBehavior: dismiss and notify, webauthn:extension:credBlob: true, webauthn:extension:largeBlob: true, webauthn:extension:minPinLength: true, webauthn:extension:prf: true, webauthn:virtualAuthenticators: true}
Element: [[ChromeDriver: chrome on windows (2403ee78d418a0cbbb7b7027c622587e)] -&amp;gt; class name: shopping_cart_link]
Session ID: 2403ee78d418a0cbbb7b7027c622587e">
      <![CDATA[org.openqa.selenium.StaleElementReferenceException: stale element reference: stale element not found in the current frame
  (Session info: chrome=135.0.7049.42)
For documentation on this error, please visit: https://www.selenium.dev/documentation/webdriver/troubleshooting/errors#stale-element-reference-exception
Build info: version: '4.30.0', revision: '509c7f17cc*'
System info: os.name: 'Windows 10', os.arch: 'amd64', os.version: '10.0', java.version: '23.0.1'
Driver info: org.openqa.selenium.chrome.ChromeDriver
Command: [2403ee78d418a0cbbb7b7027c622587e, isElementDisplayed {id=f.FA3B703F1EB47BDFE4ACA6D29F41EE29.d.9289337FFF019AF174825FE90A037568.e.47}]
Capabilities {acceptInsecureCerts: false, browserName: chrome, browserVersion: 135.0.7049.42, chrome: {chromedriverVersion: 135.0.7049.84 (6c019e560019..., userDataDir: C:\Users\xmedia\AppData\Loc...}, fedcm:accounts: true, goog:chromeOptions: {debuggerAddress: localhost:58666}, networkConnectionEnabled: false, pageLoadStrategy: normal, platformName: windows, proxy: Proxy(), se:cdp: ws://localhost:58666/devtoo..., se:cdpVersion: 135.0.7049.42, setWindowRect: true, strictFileInteractability: false, timeouts: {implicit: 0, pageLoad: 300000, script: 30000}, unhandledPromptBehavior: dismiss and notify, webauthn:extension:credBlob: true, webauthn:extension:largeBlob: true, webauthn:extension:minPinLength: true, webauthn:extension:prf: true, webauthn:virtualAuthenticators: true}
Element: [[ChromeDriver: chrome on windows (2403ee78d418a0cbbb7b7027c622587e)] -> class name: shopping_cart_link]
Session ID: 2403ee78d418a0cbbb7b7027c622587e
at org.openqa.selenium.remote.ErrorCodec.decode(ErrorCodec.java:167)
at org.openqa.selenium.remote.codec.w3c.W3CHttpResponseCodec.decode(W3CHttpResponseCodec.java:138)
at org.openqa.selenium.remote.codec.w3c.W3CHttpResponseCodec.decode(W3CHttpResponseCodec.java:50)
at org.openqa.selenium.remote.HttpCommandExecutor.execute(HttpCommandExecutor.java:215)
at org.openqa.selenium.remote.service.DriverCommandExecutor.invokeExecute(DriverCommandExecutor.java:216)
at org.openqa.selenium.remote.service.DriverCommandExecutor.execute(DriverCommandExecutor.java:174)
at org.openqa.selenium.remote.RemoteWebDriver.execute(RemoteWebDriver.java:545)
at org.openqa.selenium.remote.RemoteWebElement.execute(RemoteWebElement.java:223)
at org.openqa.selenium.remote.RemoteWebElement.isDisplayed(RemoteWebElement.java:282)
at pageObjectClass.LandingPage.addToCartIconIsVisiable(LandingPage.java:58)
at testBase.LandingPageTest.verifyCartIconVisibility(LandingPageTest.java:108)
at java.base/java.util.ArrayList.forEach(ArrayList.java:1597)
... Removed 28 stack frames]]>
    </failure>
  </testcase> <!-- verifyCartIconVisibility -->
  <testcase classname="testBase.CartPageTest" name="verifyTheTitleOfThePage" time="0.951"/>
  <testcase classname="testBase.CartPageTest" name="clickTheCheckOutButton" time="0.387"/>
  <testcase classname="testBase.CheckOutPageTest" name="enterTheFirstName" time="1.236"/>
  <testcase classname="testBase.CheckOutPageTest" name="enterTheLastName" time="0.918"/>
  <testcase classname="testBase.CheckOutPageTest" name="enterTheZipCode" time="0.575"/>
  <testcase classname="testBase.CheckOutPageTest" name="clicktheContinue" time="0.299"/>
  <testcase classname="testBase.CheckOutPageTest" name="verifyTheTitleOfThePage" time="0.362">
    <failure type="java.lang.AssertionError" message="expected [Checkout: Your Information] but found [Checkout: Overview]">
      <![CDATA[java.lang.AssertionError: expected [Checkout: Your Information] but found [Checkout: Overview]
at testBase.CheckOutPageTest.verifyTheTitleOfThePage(CheckOutPageTest.java:16)
at java.base/java.util.ArrayList.forEach(ArrayList.java:1597)
... Removed 31 stack frames]]>
    </failure>
  </testcase> <!-- verifyTheTitleOfThePage -->
  <testcase classname="testBase.CheckOutOverViewPageTest" name="VerifyTheItemTax" time="0.211"/>
  <testcase classname="testBase.CheckOutOverViewPageTest" name="VerifyTheItemTotalInformation" time="0.204"/>
  <testcase classname="testBase.CheckOutOverViewPageTest" name="VerifyThePaymentImfomation" time="0.161"/>
  <testcase classname="testBase.CheckOutOverViewPageTest" name="VerifyTheShopingInformation" time="0.197"/>
  <testcase classname="testBase.CheckOutOverViewPageTest" name="VerifyTheTotalPrice" time="0.551">
    <failure type="java.lang.AssertionError" message="expected [Total: $32.39] but found [Item total: $29.99]">
      <![CDATA[java.lang.AssertionError: expected [Total: $32.39] but found [Item total: $29.99]
at testBase.CheckOutOverViewPageTest.VerifyTheTotalPrice(CheckOutOverViewPageTest.java:45)
at java.base/java.util.ArrayList.forEach(ArrayList.java:1597)
... Removed 31 stack frames]]>
    </failure>
  </testcase> <!-- VerifyTheTotalPrice -->
  <testcase classname="testBase.CheckOutOverViewPageTest" name="verifyTheTiTleOfThePage" time="0.84"/>
  <testcase classname="testBase.CheckOutOverViewPageTest" name="VerifyTheFinishButtonClickable" time="1.807"/>
  <testcase classname="testBase.CheckOutCompletePageTest" name="VerifyTheCompleteTextMessage" time="0.23"/>
  <testcase classname="testBase.CheckOutCompletePageTest" name="VerifyTheThanksMessage" time="2.184"/>
  <testcase classname="testBase.CheckOutCompletePageTest" name="VerifyTheTickIconVisibele" time="0.933"/>
  <testcase classname="testBase.CheckOutCompletePageTest" name="verifyTheTiTleOfThePage" time="1.173"/>
  <testcase classname="testBase.CheckOutCompletePageTest" name="VerifyTheFinishButtonClickable" time="0.565"/>
  <testcase classname="MyProject.saucedemo.BaseClass" name="@AfterTest teardowm" time="0.0">
    <ignored/>
  </testcase> <!-- @AfterTest teardowm -->
  <testcase classname="MyProject.saucedemo.BaseClass" name="@AfterTest teardowm" time="0.0">
    <ignored/>
  </testcase> <!-- @AfterTest teardowm -->
  <testcase classname="MyProject.saucedemo.BaseClass" name="@BeforeTest openTheBrowser" time="0.0">
    <ignored/>
  </testcase> <!-- @BeforeTest openTheBrowser -->
  <testcase classname="testBase.CartPageTest" name="clickTheContinueButton" time="0.0">
    <ignored/>
  </testcase> <!-- clickTheContinueButton -->
  <testcase classname="MyProject.saucedemo.BaseClass" name="@AfterTest teardowm" time="0.0">
    <ignored/>
  </testcase> <!-- @AfterTest teardowm -->
  <testcase classname="testBase.LoginPageTest" name="LoginVaildCrential" time="0.0">
    <ignored/>
  </testcase> <!-- LoginVaildCrential -->
  <testcase classname="MyProject.saucedemo.BaseClass" name="@BeforeTest openTheBrowser" time="0.0">
    <ignored/>
  </testcase> <!-- @BeforeTest openTheBrowser -->
  <testcase classname="MyProject.saucedemo.BaseClass" name="@AfterTest teardowm" time="0.0">
    <ignored/>
  </testcase> <!-- @AfterTest teardowm -->
  <testcase classname="testBase.CheckOutPageTest" name="clickTheCancel" time="0.0">
    <ignored/>
  </testcase> <!-- clickTheCancel -->
  <testcase classname="MyProject.saucedemo.BaseClass" name="@BeforeTest openTheBrowser" time="0.0">
    <ignored/>
  </testcase> <!-- @BeforeTest openTheBrowser -->
  <testcase classname="MyProject.saucedemo.BaseClass" name="@BeforeTest openTheBrowser" time="0.0">
    <ignored/>
  </testcase> <!-- @BeforeTest openTheBrowser -->
  <testcase classname="MyProject.saucedemo.BaseClass" name="@AfterTest teardowm" time="0.0">
    <ignored/>
  </testcase> <!-- @AfterTest teardowm -->
  <testcase classname="MyProject.saucedemo.BaseClass" name="@BeforeTest openTheBrowser" time="0.0">
    <ignored/>
  </testcase> <!-- @BeforeTest openTheBrowser -->
  <testcase classname="testBase.CheckOutOverViewPageTest" name="VerifyTheCancelButtonClickable" time="0.0">
    <ignored/>
  </testcase> <!-- VerifyTheCancelButtonClickable -->
</testsuite> <!-- Test -->
