<html>
<head>
<title>TestNG:  Test</title>
<link href="../testng.css" rel="stylesheet" type="text/css" />
<link href="../my-testng.css" rel="stylesheet" type="text/css" />

<style type="text/css">
.log { display: none;} 
.stack-trace { display: none;} 
</style>
<script type="text/javascript">
<!--
function flip(e) {
  current = e.style.display;
  if (current == 'block') {
    e.style.display = 'none';
    return 0;
  }
  else {
    e.style.display = 'block';
    return 1;
  }
}

function toggleBox(szDivId, elem, msg1, msg2)
{
  var res = -1;  if (document.getElementById) {
    res = flip(document.getElementById(szDivId));
  }
  else if (document.all) {
    // this is the way old msie versions work
    res = flip(document.all[szDivId]);
  }
  if(elem) {
    if(res == 0) elem.innerHTML = msg1; else elem.innerHTML = msg2;
  }

}

function toggleAllBoxes() {
  if (document.getElementsByTagName) {
    d = document.getElementsByTagName('div');
    for (i = 0; i < d.length; i++) {
      if (d[i].className == 'log') {
        flip(d[i]);
      }
    }
  }
}

// -->
</script>

</head>
<body>
<h2 align='center'>Test</h2><table border='1' align="center">
<tr>
<td>Tests passed/Failed/Skipped:</td><td>41/6/0</td>
</tr><tr>
<td>Started on:</td><td>Thu Apr 10 16:54:52 IST 2025</td>
</tr>
<tr><td>Total time:</td><td>99 seconds (99701 ms)</td>
</tr><tr>
<td>Included groups:</td><td></td>
</tr><tr>
<td>Excluded groups:</td><td></td>
</tr>
</table><p/>
<small><i>(Hover the method name to see the test class name)</i></small><p/>
<table width='100%' border='1' class='invocation-failed'>
<tr><td colspan='4' align='center'><b>FAILED TESTS</b></td></tr>
<tr><td><b>Test method</b></td>
<td><b>Attribute(s)</b></td>
<td width="30%"><b>Exception</b></td>
<td width="10%"><b>Time (seconds)</b></td>
<td><b>Instance</b></td>
</tr>
<tr>
<td title='testBase.LandingPageTest.verifyCartIconVisibility()'><b>verifyCartIconVisibility</b><br>Test class: testBase.LandingPageTest</td>
<td><div><pre>org.openqa.selenium.StaleElementReferenceException: stale element reference: stale element not found in the current frame
  (Session info: chrome=135.0.7049.42)
For documentation on this error, please visit: https://www.selenium.dev/documentation/webdriver/troubleshooting/errors#stale-element-reference-exception
Build info: version: &apos;4.30.0&apos;, revision: &apos;509c7f17cc*&apos;
System info: os.name: &apos;Windows 10&apos;, os.arch: &apos;amd64&apos;, os.version: &apos;10.0&apos;, java.version: &apos;23.0.1&apos;
Driver info: org.openqa.selenium.chrome.ChromeDriver
Command: [2403ee78d418a0cbbb7b7027c622587e, isElementDisplayed {id=f.FA3B703F1EB47BDFE4ACA6D29F41EE29.d.9289337FFF019AF174825FE90A037568.e.47}]
Capabilities {acceptInsecureCerts: false, browserName: chrome, browserVersion: 135.0.7049.42, chrome: {chromedriverVersion: 135.0.7049.84 (6c019e560019..., userDataDir: C:\Users\xmedia\AppData\Loc...}, fedcm:accounts: true, goog:chromeOptions: {debuggerAddress: localhost:58666}, networkConnectionEnabled: false, pageLoadStrategy: normal, platformName: windows, proxy: Proxy(), se:cdp: ws://localhost:58666/devtoo..., se:cdpVersion: 135.0.7049.42, setWindowRect: true, strictFileInteractability: false, timeouts: {implicit: 0, pageLoad: 300000, script: 30000}, unhandledPromptBehavior: dismiss and notify, webauthn:extension:credBlob: true, webauthn:extension:largeBlob: true, webauthn:extension:minPinLength: true, webauthn:extension:prf: true, webauthn:virtualAuthenticators: true}
Element: [[ChromeDriver: chrome on windows (2403ee78d418a0cbbb7b7027c622587e)] -&gt; class name: shopping_cart_link]
Session ID: 2403ee78d418a0cbbb7b7027c622587e
	at org.openqa.selenium.remote.ErrorCodec.decode(ErrorCodec.java:167)
	at org.openqa.selenium.remote.codec.w3c.W3CHttpResponseCodec.decode(W3CHttpResponseCodec.java:138)
	at org.openqa.selenium.remote.codec.w3c.W3CHttpResponseCodec.decode(W3CHttpResponseCodec.java:50)
	at org.openqa.selenium.remote.HttpCommandExecutor.execute(HttpCommandExecutor.java:215)
	at org.openqa.selenium.remote.service.DriverCommandExecutor.invokeExecute(DriverCommandExecutor.java:216)
	at org.openqa.selenium.remote.service.DriverCommandExecutor.execute(DriverCommandExecutor.java:174)
	at org.openqa.selenium.remote.RemoteWebDriver.execute(RemoteWebDriver.java:545)
	at org.openqa.selenium.remote.RemoteWebElement.execute(RemoteWebElement.java:223)
	at org.openqa.selenium.remote.RemoteWebElement.isDisplayed(RemoteWebElement.java:282)
	at pageObjectClass.LandingPage.addToCartIconIsVisiable(LandingPage.java:58)
	at testBase.LandingPageTest.verifyCartIconVisibility(LandingPageTest.java:108)
	at java.base/java.util.ArrayList.forEach(ArrayList.java:1597)
... Removed 28 stack frames</pre></div><a href='#' onClick='toggleBox("stack-trace344080246", this, "Click to show all stack frames", "Click to hide stack frames")'>Click to show all stack frames</a>
<div class='stack-trace' id='stack-trace344080246'><pre>org.openqa.selenium.StaleElementReferenceException: stale element reference: stale element not found in the current frame
  (Session info: chrome=135.0.7049.42)
For documentation on this error, please visit: https://www.selenium.dev/documentation/webdriver/troubleshooting/errors#stale-element-reference-exception
Build info: version: &apos;4.30.0&apos;, revision: &apos;509c7f17cc*&apos;
System info: os.name: &apos;Windows 10&apos;, os.arch: &apos;amd64&apos;, os.version: &apos;10.0&apos;, java.version: &apos;23.0.1&apos;
Driver info: org.openqa.selenium.chrome.ChromeDriver
Command: [2403ee78d418a0cbbb7b7027c622587e, isElementDisplayed {id=f.FA3B703F1EB47BDFE4ACA6D29F41EE29.d.9289337FFF019AF174825FE90A037568.e.47}]
Capabilities {acceptInsecureCerts: false, browserName: chrome, browserVersion: 135.0.7049.42, chrome: {chromedriverVersion: 135.0.7049.84 (6c019e560019..., userDataDir: C:\Users\xmedia\AppData\Loc...}, fedcm:accounts: true, goog:chromeOptions: {debuggerAddress: localhost:58666}, networkConnectionEnabled: false, pageLoadStrategy: normal, platformName: windows, proxy: Proxy(), se:cdp: ws://localhost:58666/devtoo..., se:cdpVersion: 135.0.7049.42, setWindowRect: true, strictFileInteractability: false, timeouts: {implicit: 0, pageLoad: 300000, script: 30000}, unhandledPromptBehavior: dismiss and notify, webauthn:extension:credBlob: true, webauthn:extension:largeBlob: true, webauthn:extension:minPinLength: true, webauthn:extension:prf: true, webauthn:virtualAuthenticators: true}
Element: [[ChromeDriver: chrome on windows (2403ee78d418a0cbbb7b7027c622587e)] -&gt; class name: shopping_cart_link]
Session ID: 2403ee78d418a0cbbb7b7027c622587e
	at java.base/jdk.internal.reflect.DirectConstructorHandleAccessor.newInstance(DirectConstructorHandleAccessor.java:62)
	at java.base/java.lang.reflect.Constructor.newInstanceWithCaller(Constructor.java:501)
	at java.base/java.lang.reflect.Constructor.newInstance(Constructor.java:485)
	at org.openqa.selenium.remote.ErrorCodec.decode(ErrorCodec.java:167)
	at org.openqa.selenium.remote.codec.w3c.W3CHttpResponseCodec.decode(W3CHttpResponseCodec.java:138)
	at org.openqa.selenium.remote.codec.w3c.W3CHttpResponseCodec.decode(W3CHttpResponseCodec.java:50)
	at org.openqa.selenium.remote.HttpCommandExecutor.execute(HttpCommandExecutor.java:215)
	at org.openqa.selenium.remote.service.DriverCommandExecutor.invokeExecute(DriverCommandExecutor.java:216)
	at org.openqa.selenium.remote.service.DriverCommandExecutor.execute(DriverCommandExecutor.java:174)
	at org.openqa.selenium.remote.RemoteWebDriver.execute(RemoteWebDriver.java:545)
	at org.openqa.selenium.remote.RemoteWebElement.execute(RemoteWebElement.java:223)
	at org.openqa.selenium.remote.RemoteWebElement.isDisplayed(RemoteWebElement.java:282)
	at pageObjectClass.LandingPage.addToCartIconIsVisiable(LandingPage.java:58)
	at testBase.LandingPageTest.verifyCartIconVisibility(LandingPageTest.java:108)
	at java.base/jdk.internal.reflect.DirectMethodHandleAccessor.invoke(DirectMethodHandleAccessor.java:103)
	at java.base/java.lang.reflect.Method.invoke(Method.java:580)
	at org.testng.internal.invokers.MethodInvocationHelper.invokeMethod(MethodInvocationHelper.java:141)
	at org.testng.internal.invokers.TestInvoker.invokeMethod(TestInvoker.java:687)
	at org.testng.internal.invokers.TestInvoker.invokeTestMethod(TestInvoker.java:230)
	at org.testng.internal.invokers.MethodRunner.runInSequence(MethodRunner.java:63)
	at org.testng.internal.invokers.TestInvoker$MethodInvocationAgent.invoke(TestInvoker.java:995)
	at org.testng.internal.invokers.TestInvoker.invokeTestMethods(TestInvoker.java:203)
	at org.testng.internal.invokers.TestMethodWorker.invokeTestMethods(TestMethodWorker.java:154)
	at org.testng.internal.invokers.TestMethodWorker.run(TestMethodWorker.java:134)
	at java.base/java.util.ArrayList.forEach(ArrayList.java:1597)
	at org.testng.TestRunner.privateRun(TestRunner.java:741)
	at org.testng.TestRunner.run(TestRunner.java:616)
	at org.testng.SuiteRunner.runTest(SuiteRunner.java:421)
	at org.testng.SuiteRunner.runSequentially(SuiteRunner.java:413)
	at org.testng.SuiteRunner.privateRun(SuiteRunner.java:373)
	at org.testng.SuiteRunner.run(SuiteRunner.java:312)
	at org.testng.SuiteRunnerWorker.runSuite(SuiteRunnerWorker.java:52)
	at org.testng.SuiteRunnerWorker.run(SuiteRunnerWorker.java:95)
	at org.testng.TestNG.runSuitesSequentially(TestNG.java:1274)
	at org.testng.TestNG.runSuitesLocally(TestNG.java:1208)
	at org.testng.TestNG.runSuites(TestNG.java:1112)
	at org.testng.TestNG.run(TestNG.java:1079)
	at org.testng.remote.AbstractRemoteTestNG.run(AbstractRemoteTestNG.java:115)
	at org.testng.remote.RemoteTestNG.initAndRun(RemoteTestNG.java:293)
	at org.testng.remote.RemoteTestNG.main(RemoteTestNG.java:91)
</pre></div></td>
<td>0</td>
<td>testBase.LandingPageTest@78e4deb0</td></tr>
<tr>
<td title='testBase.LandingPageTest.verifyLogout()'><b>verifyLogout</b><br>Test class: testBase.LandingPageTest</td>
<td><div><pre>java.lang.AssertionError: expected [https://www.saucedemo.com/] but found [https://www.saucedemo.com/inventory.html]
	at testBase.LandingPageTest.verifyLogout(LandingPageTest.java:54)
	at java.base/java.util.ArrayList.forEach(ArrayList.java:1597)
... Removed 31 stack frames</pre></div><a href='#' onClick='toggleBox("stack-trace942804532", this, "Click to show all stack frames", "Click to hide stack frames")'>Click to show all stack frames</a>
<div class='stack-trace' id='stack-trace942804532'><pre>java.lang.AssertionError: expected [https://www.saucedemo.com/] but found [https://www.saucedemo.com/inventory.html]
	at org.testng.Assert.fail(Assert.java:111)
	at org.testng.Assert.failNotEquals(Assert.java:1590)
	at org.testng.Assert.assertEqualsImpl(Assert.java:150)
	at org.testng.Assert.assertEquals(Assert.java:132)
	at org.testng.Assert.assertEquals(Assert.java:656)
	at org.testng.Assert.assertEquals(Assert.java:666)
	at testBase.LandingPageTest.verifyLogout(LandingPageTest.java:54)
	at java.base/jdk.internal.reflect.DirectMethodHandleAccessor.invoke(DirectMethodHandleAccessor.java:103)
	at java.base/java.lang.reflect.Method.invoke(Method.java:580)
	at org.testng.internal.invokers.MethodInvocationHelper.invokeMethod(MethodInvocationHelper.java:141)
	at org.testng.internal.invokers.TestInvoker.invokeMethod(TestInvoker.java:687)
	at org.testng.internal.invokers.TestInvoker.invokeTestMethod(TestInvoker.java:230)
	at org.testng.internal.invokers.MethodRunner.runInSequence(MethodRunner.java:63)
	at org.testng.internal.invokers.TestInvoker$MethodInvocationAgent.invoke(TestInvoker.java:995)
	at org.testng.internal.invokers.TestInvoker.invokeTestMethods(TestInvoker.java:203)
	at org.testng.internal.invokers.TestMethodWorker.invokeTestMethods(TestMethodWorker.java:154)
	at org.testng.internal.invokers.TestMethodWorker.run(TestMethodWorker.java:134)
	at java.base/java.util.ArrayList.forEach(ArrayList.java:1597)
	at org.testng.TestRunner.privateRun(TestRunner.java:741)
	at org.testng.TestRunner.run(TestRunner.java:616)
	at org.testng.SuiteRunner.runTest(SuiteRunner.java:421)
	at org.testng.SuiteRunner.runSequentially(SuiteRunner.java:413)
	at org.testng.SuiteRunner.privateRun(SuiteRunner.java:373)
	at org.testng.SuiteRunner.run(SuiteRunner.java:312)
	at org.testng.SuiteRunnerWorker.runSuite(SuiteRunnerWorker.java:52)
	at org.testng.SuiteRunnerWorker.run(SuiteRunnerWorker.java:95)
	at org.testng.TestNG.runSuitesSequentially(TestNG.java:1274)
	at org.testng.TestNG.runSuitesLocally(TestNG.java:1208)
	at org.testng.TestNG.runSuites(TestNG.java:1112)
	at org.testng.TestNG.run(TestNG.java:1079)
	at org.testng.remote.AbstractRemoteTestNG.run(AbstractRemoteTestNG.java:115)
	at org.testng.remote.RemoteTestNG.initAndRun(RemoteTestNG.java:293)
	at org.testng.remote.RemoteTestNG.main(RemoteTestNG.java:91)
</pre></div></td>
<td>2</td>
<td>testBase.LandingPageTest@78e4deb0</td></tr>
<tr>
<td title='testBase.LandingPageTest.verifyMenuAbout()'><b>verifyMenuAbout</b><br>Test class: testBase.LandingPageTest</td>
<td><div><pre>org.openqa.selenium.NoSuchElementException: no such element: Unable to locate element: {&quot;method&quot;:&quot;css selector&quot;,&quot;selector&quot;:&quot;#react\-burger\-menu\-btn&quot;}
  (Session info: chrome=135.0.7049.42)
For documentation on this error, please visit: https://www.selenium.dev/documentation/webdriver/troubleshooting/errors#no-such-element-exception
Build info: version: &apos;4.30.0&apos;, revision: &apos;509c7f17cc*&apos;
System info: os.name: &apos;Windows 10&apos;, os.arch: &apos;amd64&apos;, os.version: &apos;10.0&apos;, java.version: &apos;23.0.1&apos;
Driver info: org.openqa.selenium.chrome.ChromeDriver
Command: [2403ee78d418a0cbbb7b7027c622587e, findElement {using=id, value=react-burger-menu-btn}]
Capabilities {acceptInsecureCerts: false, browserName: chrome, browserVersion: 135.0.7049.42, chrome: {chromedriverVersion: 135.0.7049.84 (6c019e560019..., userDataDir: C:\Users\xmedia\AppData\Loc...}, fedcm:accounts: true, goog:chromeOptions: {debuggerAddress: localhost:58666}, networkConnectionEnabled: false, pageLoadStrategy: normal, platformName: windows, proxy: Proxy(), se:cdp: ws://localhost:58666/devtoo..., se:cdpVersion: 135.0.7049.42, setWindowRect: true, strictFileInteractability: false, timeouts: {implicit: 0, pageLoad: 300000, script: 30000}, unhandledPromptBehavior: dismiss and notify, webauthn:extension:credBlob: true, webauthn:extension:largeBlob: true, webauthn:extension:minPinLength: true, webauthn:extension:prf: true, webauthn:virtualAuthenticators: true}
Session ID: 2403ee78d418a0cbbb7b7027c622587e
	at org.openqa.selenium.remote.ErrorCodec.decode(ErrorCodec.java:167)
	at org.openqa.selenium.remote.codec.w3c.W3CHttpResponseCodec.decode(W3CHttpResponseCodec.java:138)
	at org.openqa.selenium.remote.codec.w3c.W3CHttpResponseCodec.decode(W3CHttpResponseCodec.java:50)
	at org.openqa.selenium.remote.HttpCommandExecutor.execute(HttpCommandExecutor.java:215)
	at org.openqa.selenium.remote.service.DriverCommandExecutor.invokeExecute(DriverCommandExecutor.java:216)
	at org.openqa.selenium.remote.service.DriverCommandExecutor.execute(DriverCommandExecutor.java:174)
	at org.openqa.selenium.remote.RemoteWebDriver.execute(RemoteWebDriver.java:545)
	at org.openqa.selenium.remote.ElementLocation$ElementFinder$2.findElement(ElementLocation.java:165)
	at org.openqa.selenium.remote.ElementLocation.findElement(ElementLocation.java:59)
	at org.openqa.selenium.remote.RemoteWebDriver.findElement(RemoteWebDriver.java:368)
	at org.openqa.selenium.remote.RemoteWebDriver.findElement(RemoteWebDriver.java:362)
	at pageObjectClass.LandingPage.clickTheMenuIcon(LandingPage.java:46)
	at testBase.LandingPageTest.verifyMenuAbout(LandingPageTest.java:60)
	at java.base/java.util.ArrayList.forEach(ArrayList.java:1597)
... Removed 28 stack frames</pre></div><a href='#' onClick='toggleBox("stack-trace1075236033", this, "Click to show all stack frames", "Click to hide stack frames")'>Click to show all stack frames</a>
<div class='stack-trace' id='stack-trace1075236033'><pre>org.openqa.selenium.NoSuchElementException: no such element: Unable to locate element: {&quot;method&quot;:&quot;css selector&quot;,&quot;selector&quot;:&quot;#react\-burger\-menu\-btn&quot;}
  (Session info: chrome=135.0.7049.42)
For documentation on this error, please visit: https://www.selenium.dev/documentation/webdriver/troubleshooting/errors#no-such-element-exception
Build info: version: &apos;4.30.0&apos;, revision: &apos;509c7f17cc*&apos;
System info: os.name: &apos;Windows 10&apos;, os.arch: &apos;amd64&apos;, os.version: &apos;10.0&apos;, java.version: &apos;23.0.1&apos;
Driver info: org.openqa.selenium.chrome.ChromeDriver
Command: [2403ee78d418a0cbbb7b7027c622587e, findElement {using=id, value=react-burger-menu-btn}]
Capabilities {acceptInsecureCerts: false, browserName: chrome, browserVersion: 135.0.7049.42, chrome: {chromedriverVersion: 135.0.7049.84 (6c019e560019..., userDataDir: C:\Users\xmedia\AppData\Loc...}, fedcm:accounts: true, goog:chromeOptions: {debuggerAddress: localhost:58666}, networkConnectionEnabled: false, pageLoadStrategy: normal, platformName: windows, proxy: Proxy(), se:cdp: ws://localhost:58666/devtoo..., se:cdpVersion: 135.0.7049.42, setWindowRect: true, strictFileInteractability: false, timeouts: {implicit: 0, pageLoad: 300000, script: 30000}, unhandledPromptBehavior: dismiss and notify, webauthn:extension:credBlob: true, webauthn:extension:largeBlob: true, webauthn:extension:minPinLength: true, webauthn:extension:prf: true, webauthn:virtualAuthenticators: true}
Session ID: 2403ee78d418a0cbbb7b7027c622587e
	at java.base/jdk.internal.reflect.DirectConstructorHandleAccessor.newInstance(DirectConstructorHandleAccessor.java:62)
	at java.base/java.lang.reflect.Constructor.newInstanceWithCaller(Constructor.java:501)
	at java.base/java.lang.reflect.Constructor.newInstance(Constructor.java:485)
	at org.openqa.selenium.remote.ErrorCodec.decode(ErrorCodec.java:167)
	at org.openqa.selenium.remote.codec.w3c.W3CHttpResponseCodec.decode(W3CHttpResponseCodec.java:138)
	at org.openqa.selenium.remote.codec.w3c.W3CHttpResponseCodec.decode(W3CHttpResponseCodec.java:50)
	at org.openqa.selenium.remote.HttpCommandExecutor.execute(HttpCommandExecutor.java:215)
	at org.openqa.selenium.remote.service.DriverCommandExecutor.invokeExecute(DriverCommandExecutor.java:216)
	at org.openqa.selenium.remote.service.DriverCommandExecutor.execute(DriverCommandExecutor.java:174)
	at org.openqa.selenium.remote.RemoteWebDriver.execute(RemoteWebDriver.java:545)
	at org.openqa.selenium.remote.ElementLocation$ElementFinder$2.findElement(ElementLocation.java:165)
	at org.openqa.selenium.remote.ElementLocation.findElement(ElementLocation.java:59)
	at org.openqa.selenium.remote.RemoteWebDriver.findElement(RemoteWebDriver.java:368)
	at org.openqa.selenium.remote.RemoteWebDriver.findElement(RemoteWebDriver.java:362)
	at pageObjectClass.LandingPage.clickTheMenuIcon(LandingPage.java:46)
	at testBase.LandingPageTest.verifyMenuAbout(LandingPageTest.java:60)
	at java.base/jdk.internal.reflect.DirectMethodHandleAccessor.invoke(DirectMethodHandleAccessor.java:103)
	at java.base/java.lang.reflect.Method.invoke(Method.java:580)
	at org.testng.internal.invokers.MethodInvocationHelper.invokeMethod(MethodInvocationHelper.java:141)
	at org.testng.internal.invokers.TestInvoker.invokeMethod(TestInvoker.java:687)
	at org.testng.internal.invokers.TestInvoker.invokeTestMethod(TestInvoker.java:230)
	at org.testng.internal.invokers.MethodRunner.runInSequence(MethodRunner.java:63)
	at org.testng.internal.invokers.TestInvoker$MethodInvocationAgent.invoke(TestInvoker.java:995)
	at org.testng.internal.invokers.TestInvoker.invokeTestMethods(TestInvoker.java:203)
	at org.testng.internal.invokers.TestMethodWorker.invokeTestMethods(TestMethodWorker.java:154)
	at org.testng.internal.invokers.TestMethodWorker.run(TestMethodWorker.java:134)
	at java.base/java.util.ArrayList.forEach(ArrayList.java:1597)
	at org.testng.TestRunner.privateRun(TestRunner.java:741)
	at org.testng.TestRunner.run(TestRunner.java:616)
	at org.testng.SuiteRunner.runTest(SuiteRunner.java:421)
	at org.testng.SuiteRunner.runSequentially(SuiteRunner.java:413)
	at org.testng.SuiteRunner.privateRun(SuiteRunner.java:373)
	at org.testng.SuiteRunner.run(SuiteRunner.java:312)
	at org.testng.SuiteRunnerWorker.runSuite(SuiteRunnerWorker.java:52)
	at org.testng.SuiteRunnerWorker.run(SuiteRunnerWorker.java:95)
	at org.testng.TestNG.runSuitesSequentially(TestNG.java:1274)
	at org.testng.TestNG.runSuitesLocally(TestNG.java:1208)
	at org.testng.TestNG.runSuites(TestNG.java:1112)
	at org.testng.TestNG.run(TestNG.java:1079)
	at org.testng.remote.AbstractRemoteTestNG.run(AbstractRemoteTestNG.java:115)
	at org.testng.remote.RemoteTestNG.initAndRun(RemoteTestNG.java:293)
	at org.testng.remote.RemoteTestNG.main(RemoteTestNG.java:91)
</pre></div></td>
<td>15</td>
<td>testBase.LandingPageTest@78e4deb0</td></tr>
<tr>
<td title='testBase.CheckOutOverViewPageTest.VerifyTheTotalPrice()'><b>VerifyTheTotalPrice</b><br>Test class: testBase.CheckOutOverViewPageTest</td>
<td><div><pre>java.lang.AssertionError: expected [Total: $32.39] but found [Item total: $29.99]
	at testBase.CheckOutOverViewPageTest.VerifyTheTotalPrice(CheckOutOverViewPageTest.java:45)
	at java.base/java.util.ArrayList.forEach(ArrayList.java:1597)
... Removed 31 stack frames</pre></div><a href='#' onClick='toggleBox("stack-trace1054913783", this, "Click to show all stack frames", "Click to hide stack frames")'>Click to show all stack frames</a>
<div class='stack-trace' id='stack-trace1054913783'><pre>java.lang.AssertionError: expected [Total: $32.39] but found [Item total: $29.99]
	at org.testng.Assert.fail(Assert.java:111)
	at org.testng.Assert.failNotEquals(Assert.java:1590)
	at org.testng.Assert.assertEqualsImpl(Assert.java:150)
	at org.testng.Assert.assertEquals(Assert.java:132)
	at org.testng.Assert.assertEquals(Assert.java:656)
	at org.testng.Assert.assertEquals(Assert.java:666)
	at testBase.CheckOutOverViewPageTest.VerifyTheTotalPrice(CheckOutOverViewPageTest.java:45)
	at java.base/jdk.internal.reflect.DirectMethodHandleAccessor.invoke(DirectMethodHandleAccessor.java:103)
	at java.base/java.lang.reflect.Method.invoke(Method.java:580)
	at org.testng.internal.invokers.MethodInvocationHelper.invokeMethod(MethodInvocationHelper.java:141)
	at org.testng.internal.invokers.TestInvoker.invokeMethod(TestInvoker.java:687)
	at org.testng.internal.invokers.TestInvoker.invokeTestMethod(TestInvoker.java:230)
	at org.testng.internal.invokers.MethodRunner.runInSequence(MethodRunner.java:63)
	at org.testng.internal.invokers.TestInvoker$MethodInvocationAgent.invoke(TestInvoker.java:995)
	at org.testng.internal.invokers.TestInvoker.invokeTestMethods(TestInvoker.java:203)
	at org.testng.internal.invokers.TestMethodWorker.invokeTestMethods(TestMethodWorker.java:154)
	at org.testng.internal.invokers.TestMethodWorker.run(TestMethodWorker.java:134)
	at java.base/java.util.ArrayList.forEach(ArrayList.java:1597)
	at org.testng.TestRunner.privateRun(TestRunner.java:741)
	at org.testng.TestRunner.run(TestRunner.java:616)
	at org.testng.SuiteRunner.runTest(SuiteRunner.java:421)
	at org.testng.SuiteRunner.runSequentially(SuiteRunner.java:413)
	at org.testng.SuiteRunner.privateRun(SuiteRunner.java:373)
	at org.testng.SuiteRunner.run(SuiteRunner.java:312)
	at org.testng.SuiteRunnerWorker.runSuite(SuiteRunnerWorker.java:52)
	at org.testng.SuiteRunnerWorker.run(SuiteRunnerWorker.java:95)
	at org.testng.TestNG.runSuitesSequentially(TestNG.java:1274)
	at org.testng.TestNG.runSuitesLocally(TestNG.java:1208)
	at org.testng.TestNG.runSuites(TestNG.java:1112)
	at org.testng.TestNG.run(TestNG.java:1079)
	at org.testng.remote.AbstractRemoteTestNG.run(AbstractRemoteTestNG.java:115)
	at org.testng.remote.RemoteTestNG.initAndRun(RemoteTestNG.java:293)
	at org.testng.remote.RemoteTestNG.main(RemoteTestNG.java:91)
</pre></div></td>
<td>0</td>
<td>testBase.CheckOutOverViewPageTest@8f2ef19</td></tr>
<tr>
<td title='testBase.LandingPageTest.clickTheAddToCart()'><b>clickTheAddToCart</b><br>Test class: testBase.LandingPageTest</td>
<td><div><pre>java.lang.AssertionError: expected [false] but found [true]
	at testBase.LandingPageTest.clickTheAddToCart(LandingPageTest.java:117)
	at java.base/java.util.ArrayList.forEach(ArrayList.java:1597)
... Removed 29 stack frames</pre></div><a href='#' onClick='toggleBox("stack-trace404648659", this, "Click to show all stack frames", "Click to hide stack frames")'>Click to show all stack frames</a>
<div class='stack-trace' id='stack-trace404648659'><pre>java.lang.AssertionError: expected [false] but found [true]
	at org.testng.Assert.fail(Assert.java:111)
	at org.testng.Assert.failNotEquals(Assert.java:1590)
	at org.testng.Assert.assertFalse(Assert.java:79)
	at org.testng.Assert.assertFalse(Assert.java:89)
	at testBase.LandingPageTest.clickTheAddToCart(LandingPageTest.java:117)
	at java.base/jdk.internal.reflect.DirectMethodHandleAccessor.invoke(DirectMethodHandleAccessor.java:103)
	at java.base/java.lang.reflect.Method.invoke(Method.java:580)
	at org.testng.internal.invokers.MethodInvocationHelper.invokeMethod(MethodInvocationHelper.java:141)
	at org.testng.internal.invokers.TestInvoker.invokeMethod(TestInvoker.java:687)
	at org.testng.internal.invokers.TestInvoker.invokeTestMethod(TestInvoker.java:230)
	at org.testng.internal.invokers.MethodRunner.runInSequence(MethodRunner.java:63)
	at org.testng.internal.invokers.TestInvoker$MethodInvocationAgent.invoke(TestInvoker.java:995)
	at org.testng.internal.invokers.TestInvoker.invokeTestMethods(TestInvoker.java:203)
	at org.testng.internal.invokers.TestMethodWorker.invokeTestMethods(TestMethodWorker.java:154)
	at org.testng.internal.invokers.TestMethodWorker.run(TestMethodWorker.java:134)
	at java.base/java.util.ArrayList.forEach(ArrayList.java:1597)
	at org.testng.TestRunner.privateRun(TestRunner.java:741)
	at org.testng.TestRunner.run(TestRunner.java:616)
	at org.testng.SuiteRunner.runTest(SuiteRunner.java:421)
	at org.testng.SuiteRunner.runSequentially(SuiteRunner.java:413)
	at org.testng.SuiteRunner.privateRun(SuiteRunner.java:373)
	at org.testng.SuiteRunner.run(SuiteRunner.java:312)
	at org.testng.SuiteRunnerWorker.runSuite(SuiteRunnerWorker.java:52)
	at org.testng.SuiteRunnerWorker.run(SuiteRunnerWorker.java:95)
	at org.testng.TestNG.runSuitesSequentially(TestNG.java:1274)
	at org.testng.TestNG.runSuitesLocally(TestNG.java:1208)
	at org.testng.TestNG.runSuites(TestNG.java:1112)
	at org.testng.TestNG.run(TestNG.java:1079)
	at org.testng.remote.AbstractRemoteTestNG.run(AbstractRemoteTestNG.java:115)
	at org.testng.remote.RemoteTestNG.initAndRun(RemoteTestNG.java:293)
	at org.testng.remote.RemoteTestNG.main(RemoteTestNG.java:91)
</pre></div></td>
<td>1</td>
<td>testBase.LandingPageTest@78e4deb0</td></tr>
<tr>
<td title='testBase.CheckOutPageTest.verifyTheTitleOfThePage()'><b>verifyTheTitleOfThePage</b><br>Test class: testBase.CheckOutPageTest</td>
<td><div><pre>java.lang.AssertionError: expected [Checkout: Your Information] but found [Checkout: Overview]
	at testBase.CheckOutPageTest.verifyTheTitleOfThePage(CheckOutPageTest.java:16)
	at java.base/java.util.ArrayList.forEach(ArrayList.java:1597)
... Removed 31 stack frames</pre></div><a href='#' onClick='toggleBox("stack-trace1127434428", this, "Click to show all stack frames", "Click to hide stack frames")'>Click to show all stack frames</a>
<div class='stack-trace' id='stack-trace1127434428'><pre>java.lang.AssertionError: expected [Checkout: Your Information] but found [Checkout: Overview]
	at org.testng.Assert.fail(Assert.java:111)
	at org.testng.Assert.failNotEquals(Assert.java:1590)
	at org.testng.Assert.assertEqualsImpl(Assert.java:150)
	at org.testng.Assert.assertEquals(Assert.java:132)
	at org.testng.Assert.assertEquals(Assert.java:656)
	at org.testng.Assert.assertEquals(Assert.java:666)
	at testBase.CheckOutPageTest.verifyTheTitleOfThePage(CheckOutPageTest.java:16)
	at java.base/jdk.internal.reflect.DirectMethodHandleAccessor.invoke(DirectMethodHandleAccessor.java:103)
	at java.base/java.lang.reflect.Method.invoke(Method.java:580)
	at org.testng.internal.invokers.MethodInvocationHelper.invokeMethod(MethodInvocationHelper.java:141)
	at org.testng.internal.invokers.TestInvoker.invokeMethod(TestInvoker.java:687)
	at org.testng.internal.invokers.TestInvoker.invokeTestMethod(TestInvoker.java:230)
	at org.testng.internal.invokers.MethodRunner.runInSequence(MethodRunner.java:63)
	at org.testng.internal.invokers.TestInvoker$MethodInvocationAgent.invoke(TestInvoker.java:995)
	at org.testng.internal.invokers.TestInvoker.invokeTestMethods(TestInvoker.java:203)
	at org.testng.internal.invokers.TestMethodWorker.invokeTestMethods(TestMethodWorker.java:154)
	at org.testng.internal.invokers.TestMethodWorker.run(TestMethodWorker.java:134)
	at java.base/java.util.ArrayList.forEach(ArrayList.java:1597)
	at org.testng.TestRunner.privateRun(TestRunner.java:741)
	at org.testng.TestRunner.run(TestRunner.java:616)
	at org.testng.SuiteRunner.runTest(SuiteRunner.java:421)
	at org.testng.SuiteRunner.runSequentially(SuiteRunner.java:413)
	at org.testng.SuiteRunner.privateRun(SuiteRunner.java:373)
	at org.testng.SuiteRunner.run(SuiteRunner.java:312)
	at org.testng.SuiteRunnerWorker.runSuite(SuiteRunnerWorker.java:52)
	at org.testng.SuiteRunnerWorker.run(SuiteRunnerWorker.java:95)
	at org.testng.TestNG.runSuitesSequentially(TestNG.java:1274)
	at org.testng.TestNG.runSuitesLocally(TestNG.java:1208)
	at org.testng.TestNG.runSuites(TestNG.java:1112)
	at org.testng.TestNG.run(TestNG.java:1079)
	at org.testng.remote.AbstractRemoteTestNG.run(AbstractRemoteTestNG.java:115)
	at org.testng.remote.RemoteTestNG.initAndRun(RemoteTestNG.java:293)
	at org.testng.remote.RemoteTestNG.main(RemoteTestNG.java:91)
</pre></div></td>
<td>0</td>
<td>testBase.CheckOutPageTest@4b741d6d</td></tr>
</table><p>
<table width='100%' border='1' class='invocation-passed'>
<tr><td colspan='4' align='center'><b>PASSED TESTS</b></td></tr>
<tr><td><b>Test method</b></td>
<td><b>Attribute(s)</b></td>
<td width="30%"><b>Exception</b></td>
<td width="10%"><b>Time (seconds)</b></td>
<td><b>Instance</b></td>
</tr>
<tr>
<td title='testBase.LoginPageTest.LogininVaildCrential()'><b>LogininVaildCrential</b><br>Test class: testBase.LoginPageTest<br>Parameters: problem_user@domain.com, wrong_password</td>
<td></td>
<td>10</td>
<td>testBase.LoginPageTest@7526515b</td></tr>
<tr>
<td title='testBase.CheckOutPageTest.enterTheFirstName()'><b>enterTheFirstName</b><br>Test class: testBase.CheckOutPageTest</td>
<td></td>
<td>1</td>
<td>testBase.CheckOutPageTest@4b741d6d</td></tr>
<tr>
<td title='testBase.CheckOutPageTest.enterTheZipCode()'><b>enterTheZipCode</b><br>Test class: testBase.CheckOutPageTest</td>
<td></td>
<td>0</td>
<td>testBase.CheckOutPageTest@4b741d6d</td></tr>
<tr>
<td title='testBase.LoginPageTest.Login()'><b>Login</b><br>Test class: testBase.LoginPageTest</td>
<td></td>
<td>2</td>
<td>testBase.LoginPageTest@7526515b</td></tr>
<tr>
<td title='testBase.CheckOutOverViewPageTest.VerifyThePaymentImfomation()'><b>VerifyThePaymentImfomation</b><br>Test class: testBase.CheckOutOverViewPageTest</td>
<td></td>
<td>0</td>
<td>testBase.CheckOutOverViewPageTest@8f2ef19</td></tr>
<tr>
<td title='testBase.CheckOutCompletePageTest.VerifyTheThanksMessage()'><b>VerifyTheThanksMessage</b><br>Test class: testBase.CheckOutCompletePageTest</td>
<td></td>
<td>2</td>
<td>testBase.CheckOutCompletePageTest@2cf3d63b</td></tr>
<tr>
<td title='testBase.CheckOutPageTest.enterTheLastName()'><b>enterTheLastName</b><br>Test class: testBase.CheckOutPageTest</td>
<td></td>
<td>0</td>
<td>testBase.CheckOutPageTest@4b741d6d</td></tr>
<tr>
<td title='testBase.LandingPageTest.verifyMenuClose()'><b>verifyMenuClose</b><br>Test class: testBase.LandingPageTest</td>
<td></td>
<td>0</td>
<td>testBase.LandingPageTest@78e4deb0</td></tr>
<tr>
<td title='testBase.LandingPageTest.verifyMenuAllItemsClick()'><b>verifyMenuAllItemsClick</b><br>Test class: testBase.LandingPageTest</td>
<td></td>
<td>0</td>
<td>testBase.LandingPageTest@78e4deb0</td></tr>
<tr>
<td title='testBase.CheckOutOverViewPageTest.VerifyTheFinishButtonClickable()'><b>VerifyTheFinishButtonClickable</b><br>Test class: testBase.CheckOutOverViewPageTest</td>
<td></td>
<td>1</td>
<td>testBase.CheckOutOverViewPageTest@8f2ef19</td></tr>
<tr>
<td title='testBase.LandingPageTest.addToCartBadgevisible()'><b>addToCartBadgevisible</b><br>Test class: testBase.LandingPageTest</td>
<td></td>
<td>0</td>
<td>testBase.LandingPageTest@78e4deb0</td></tr>
<tr>
<td title='testBase.CheckOutOverViewPageTest.VerifyTheItemTotalInformation()'><b>VerifyTheItemTotalInformation</b><br>Test class: testBase.CheckOutOverViewPageTest</td>
<td></td>
<td>0</td>
<td>testBase.CheckOutOverViewPageTest@8f2ef19</td></tr>
<tr>
<td title='testBase.CheckOutPageTest.clicktheContinue()'><b>clicktheContinue</b><br>Test class: testBase.CheckOutPageTest</td>
<td></td>
<td>0</td>
<td>testBase.CheckOutPageTest@4b741d6d</td></tr>
<tr>
<td title='testBase.CheckOutOverViewPageTest.VerifyTheItemTax()'><b>VerifyTheItemTax</b><br>Test class: testBase.CheckOutOverViewPageTest</td>
<td></td>
<td>0</td>
<td>testBase.CheckOutOverViewPageTest@8f2ef19</td></tr>
<tr>
<td title='testBase.LandingPageTest.verifyMenuIconClick()'><b>verifyMenuIconClick</b><br>Test class: testBase.LandingPageTest</td>
<td></td>
<td>0</td>
<td>testBase.LandingPageTest@78e4deb0</td></tr>
<tr>
<td title='testBase.LoginPageTest.LogininVaildCrential()'><b>LogininVaildCrential</b><br>Test class: testBase.LoginPageTest<br>Parameters: standard_user@example.com, </td>
<td></td>
<td>1</td>
<td>testBase.LoginPageTest@7526515b</td></tr>
<tr>
<td title='testBase.LoginPageTest.LogininVaildCrential()'><b>LogininVaildCrential</b><br>Test class: testBase.LoginPageTest<br>Parameters: error_user@platform.com, wrong_password</td>
<td></td>
<td>2</td>
<td>testBase.LoginPageTest@7526515b</td></tr>
<tr>
<td title='testBase.LoginPageTest.LogininVaildCrential()'><b>LogininVaildCrential</b><br>Test class: testBase.LoginPageTest<br>Parameters: performance_glitch_user@service.com, wrong_password</td>
<td></td>
<td>2</td>
<td>testBase.LoginPageTest@7526515b</td></tr>
<tr>
<td title='testBase.CheckOutOverViewPageTest.verifyTheTiTleOfThePage()'><b>verifyTheTiTleOfThePage</b><br>Test class: testBase.CheckOutOverViewPageTest</td>
<td></td>
<td>0</td>
<td>testBase.CheckOutOverViewPageTest@8f2ef19</td></tr>
<tr>
<td title='testBase.CheckOutCompletePageTest.VerifyTheFinishButtonClickable()'><b>VerifyTheFinishButtonClickable</b><br>Test class: testBase.CheckOutCompletePageTest</td>
<td></td>
<td>0</td>
<td>testBase.CheckOutCompletePageTest@2cf3d63b</td></tr>
<tr>
<td title='testBase.LandingPageTest.verifyProductSortingAZ()'><b>verifyProductSortingAZ</b><br>Test class: testBase.LandingPageTest</td>
<td></td>
<td>1</td>
<td>testBase.LandingPageTest@78e4deb0</td></tr>
<tr>
<td title='testBase.LoginPageTest.LogininVaildCrential()'><b>LogininVaildCrential</b><br>Test class: testBase.LoginPageTest<br>Parameters: standard_user@example.com, wrong_password</td>
<td></td>
<td>1</td>
<td>testBase.LoginPageTest@7526515b</td></tr>
<tr>
<td title='testBase.LoginPageTest.LogininVaildCrential()'><b>LogininVaildCrential</b><br>Test class: testBase.LoginPageTest<br>Parameters: invalid_user@xyz.com, secret_sauce</td>
<td></td>
<td>1</td>
<td>testBase.LoginPageTest@7526515b</td></tr>
<tr>
<td title='testBase.LandingPageTest.verifyProductTitleVisibility()'><b>verifyProductTitleVisibility</b><br>Test class: testBase.LandingPageTest</td>
<td></td>
<td>0</td>
<td>testBase.LandingPageTest@78e4deb0</td></tr>
<tr>
<td title='testBase.CheckOutCompletePageTest.verifyTheTiTleOfThePage()'><b>verifyTheTiTleOfThePage</b><br>Test class: testBase.CheckOutCompletePageTest</td>
<td></td>
<td>1</td>
<td>testBase.CheckOutCompletePageTest@2cf3d63b</td></tr>
<tr>
<td title='testBase.LoginPageTest.LogininVaildCrential()'><b>LogininVaildCrential</b><br>Test class: testBase.LoginPageTest<br>Parameters: , </td>
<td></td>
<td>1</td>
<td>testBase.LoginPageTest@7526515b</td></tr>
<tr>
<td title='testBase.LandingPageTest.clickTheRemoveAddToCart()'><b>clickTheRemoveAddToCart</b><br>Test class: testBase.LandingPageTest</td>
<td></td>
<td>1</td>
<td>testBase.LandingPageTest@78e4deb0</td></tr>
<tr>
<td title='testBase.LandingPageTest.verifyProductSortingZA()'><b>verifyProductSortingZA</b><br>Test class: testBase.LandingPageTest</td>
<td></td>
<td>1</td>
<td>testBase.LandingPageTest@78e4deb0</td></tr>
<tr>
<td title='testBase.CheckOutOverViewPageTest.VerifyTheShopingInformation()'><b>VerifyTheShopingInformation</b><br>Test class: testBase.CheckOutOverViewPageTest</td>
<td></td>
<td>0</td>
<td>testBase.CheckOutOverViewPageTest@8f2ef19</td></tr>
<tr>
<td title='testBase.LandingPageTest.verifyProductSortingHighToLow()'><b>verifyProductSortingHighToLow</b><br>Test class: testBase.LandingPageTest</td>
<td></td>
<td>1</td>
<td>testBase.LandingPageTest@78e4deb0</td></tr>
<tr>
<td title='testBase.CartPageTest.verifyTheTitleOfThePage()'><b>verifyTheTitleOfThePage</b><br>Test class: testBase.CartPageTest</td>
<td></td>
<td>0</td>
<td>testBase.CartPageTest@7d0b7e3c</td></tr>
<tr>
<td title='testBase.LoginPageTest.LogininVaildCrential()'><b>LogininVaildCrential</b><br>Test class: testBase.LoginPageTest<br>Parameters: , secret_sauce</td>
<td></td>
<td>1</td>
<td>testBase.LoginPageTest@7526515b</td></tr>
<tr>
<td title='testBase.LandingPageTest.verifyHomePageLogo()'><b>verifyHomePageLogo</b><br>Test class: testBase.LandingPageTest</td>
<td></td>
<td>0</td>
<td>testBase.LandingPageTest@78e4deb0</td></tr>
<tr>
<td title='testBase.LandingPageTest.verifyProductSortingLowToHigh()'><b>verifyProductSortingLowToHigh</b><br>Test class: testBase.LandingPageTest</td>
<td></td>
<td>1</td>
<td>testBase.LandingPageTest@78e4deb0</td></tr>
<tr>
<td title='testBase.CartPageTest.clickTheCheckOutButton()'><b>clickTheCheckOutButton</b><br>Test class: testBase.CartPageTest</td>
<td></td>
<td>0</td>
<td>testBase.CartPageTest@7d0b7e3c</td></tr>
<tr>
<td title='testBase.LandingPageTest.verifyAppStoreReset()'><b>verifyAppStoreReset</b><br>Test class: testBase.LandingPageTest</td>
<td></td>
<td>0</td>
<td>testBase.LandingPageTest@78e4deb0</td></tr>
<tr>
<td title='testBase.CheckOutCompletePageTest.VerifyTheCompleteTextMessage()'><b>VerifyTheCompleteTextMessage</b><br>Test class: testBase.CheckOutCompletePageTest</td>
<td></td>
<td>0</td>
<td>testBase.CheckOutCompletePageTest@2cf3d63b</td></tr>
<tr>
<td title='testBase.LandingPageTest.Login()'><b>Login</b><br>Test class: testBase.LandingPageTest</td>
<td></td>
<td>4</td>
<td>testBase.LandingPageTest@78e4deb0</td></tr>
<tr>
<td title='testBase.CheckOutCompletePageTest.VerifyTheTickIconVisibele()'><b>VerifyTheTickIconVisibele</b><br>Test class: testBase.CheckOutCompletePageTest</td>
<td></td>
<td>0</td>
<td>testBase.CheckOutCompletePageTest@2cf3d63b</td></tr>
<tr>
<td title='testBase.LoginPageTest.LogininVaildCrential()'><b>LogininVaildCrential</b><br>Test class: testBase.LoginPageTest<br>Parameters: locked_out_user@company.com, wrong_password</td>
<td></td>
<td>3</td>
<td>testBase.LoginPageTest@7526515b</td></tr>
<tr>
<td title='testBase.LoginPageTest.LogininVaildCrential()'><b>LogininVaildCrential</b><br>Test class: testBase.LoginPageTest<br>Parameters: visual_user@domain.co, wrong_password</td>
<td></td>
<td>2</td>
<td>testBase.LoginPageTest@7526515b</td></tr>
</table><p>
</body>
</html>