<!DOCTYPE html PUBLIC "-//W3C//DTD XHTML 1.1//EN" "https://www.w3.org/TR/xhtml11/DTD/xhtml11.dtd">
<html xmlns="https://www.w3.org/1999/xhtml">
<head>
<meta http-equiv="content-type" content="text/html; charset=UTF-8"/>
<title>TestNG Report</title>
<style type="text/css">table {margin-bottom:10px;border-collapse:collapse;empty-cells:show}th,td {border:1px solid #009;padding:.25em .5em}th {vertical-align:bottom}td {vertical-align:top}table a {font-weight:bold}.stripe td {background-color: #E6EBF9}.num {text-align:right}.passedodd td {background-color: #3F3}.passedeven td {background-color: #0A0}.skippedodd td {background-color: #DDD}.skippedeven td {background-color: #CCC}.failedodd td,.attn {background-color: #F33}.failedeven td,.stripe .attn {background-color: #D00}.stacktrace {white-space:pre;font-family:monospace}.totop {font-size:85%;text-align:center;border-bottom:2px solid #000}.invisible {display:none}</style>
</head>
<body>
<table>
<tr><th>Test</th><th># Passed</th><th># Skipped</th><th># Retried</th><th># Failed</th><th>Time (ms)</th><th>Included Groups</th><th>Excluded Groups</th></tr>
<tr><th colspan="8">Suite</th></tr>
<tr><td><a href="#t0">Test</a></td><td class="num">41</td><td class="num">0</td><td class="num">0</td><td class="num attn">6</td><td class="num">99,701</td><td></td><td></td></tr>
</table>
<table id='summary'><thead><tr><th>Class</th><th>Method</th><th>Start</th><th>Time (ms)</th></tr></thead><tbody><tr><th colspan="4">Suite</th></tr></tbody><tbody id="t0"><tr><th colspan="4">Test &#8212; failed</th></tr><tr class="failedeven"><td rowspan="1">testBase.CheckOutOverViewPageTest</td><td><a href="#m0">VerifyTheTotalPrice</a></td><td rowspan="1">1744284377872</td><td rowspan="1">551</td></tr><tr class="failedodd"><td rowspan="1">testBase.CheckOutPageTest</td><td><a href="#m1">verifyTheTitleOfThePage</a></td><td rowspan="1">1744284376439</td><td rowspan="1">362</td></tr><tr class="failedeven"><td rowspan="4">testBase.LandingPageTest</td><td><a href="#m2">clickTheAddToCart</a></td><td rowspan="1">1744284366548</td><td rowspan="1">1668</td></tr><tr class="failedeven"><td><a href="#m3">verifyCartIconVisibility</a></td><td rowspan="1">1744284370555</td><td rowspan="1">967</td></tr><tr class="failedeven"><td><a href="#m4">verifyLogout</a></td><td rowspan="1">1744284335338</td><td rowspan="1">2044</td></tr><tr class="failedeven"><td><a href="#m5">verifyMenuAbout</a></td><td rowspan="1">1744284337708</td><td rowspan="1">15148</td></tr><tr><th colspan="4">Test &#8212; passed</th></tr><tr class="passedeven"><td rowspan="2">testBase.CartPageTest</td><td><a href="#m6">clickTheCheckOutButton</a></td><td rowspan="1">1744284372937</td><td rowspan="1">387</td></tr><tr class="passedeven"><td><a href="#m7">verifyTheTitleOfThePage</a></td><td rowspan="1">1744284371981</td><td rowspan="1">951</td></tr><tr class="passedodd"><td rowspan="5">testBase.CheckOutCompletePageTest</td><td><a href="#m8">VerifyTheCompleteTextMessage</a></td><td rowspan="1">1744284381373</td><td rowspan="1">230</td></tr><tr class="passedodd"><td><a href="#m9">VerifyTheFinishButtonClickable</a></td><td rowspan="1">1744284385936</td><td rowspan="1">565</td></tr><tr class="passedodd"><td><a href="#m10">VerifyTheThanksMessage</a></td><td rowspan="1">1744284381615</td><td rowspan="1">2184</td></tr><tr class="passedodd"><td><a href="#m11">VerifyTheTickIconVisibele</a></td><td rowspan="1">1744284383804</td><td rowspan="1">933</td></tr><tr class="passedodd"><td><a href="#m12">verifyTheTiTleOfThePage</a></td><td rowspan="1">1744284384743</td><td rowspan="1">1173</td></tr><tr class="passedeven"><td rowspan="6">testBase.CheckOutOverViewPageTest</td><td><a href="#m13">VerifyTheFinishButtonClickable</a></td><td rowspan="1">1744284379547</td><td rowspan="1">1807</td></tr><tr class="passedeven"><td><a href="#m14">VerifyTheItemTax</a></td><td rowspan="1">1744284377068</td><td rowspan="1">211</td></tr><tr class="passedeven"><td><a href="#m15">VerifyTheItemTotalInformation</a></td><td rowspan="1">1744284377295</td><td rowspan="1">204</td></tr><tr class="passedeven"><td><a href="#m16">VerifyThePaymentImfomation</a></td><td rowspan="1">1744284377504</td><td rowspan="1">161</td></tr><tr class="passedeven"><td><a href="#m17">VerifyTheShopingInformation</a></td><td rowspan="1">1744284377669</td><td rowspan="1">197</td></tr><tr class="passedeven"><td><a href="#m18">verifyTheTiTleOfThePage</a></td><td rowspan="1">1744284378698</td><td rowspan="1">840</td></tr><tr class="passedodd"><td rowspan="4">testBase.CheckOutPageTest</td><td><a href="#m19">clicktheContinue</a></td><td rowspan="1">1744284376119</td><td rowspan="1">299</td></tr><tr class="passedodd"><td><a href="#m20">enterTheFirstName</a></td><td rowspan="1">1744284373336</td><td rowspan="1">1236</td></tr><tr class="passedodd"><td><a href="#m21">enterTheLastName</a></td><td rowspan="1">1744284374586</td><td rowspan="1">918</td></tr><tr class="passedodd"><td><a href="#m22">enterTheZipCode</a></td><td rowspan="1">1744284375513</td><td rowspan="1">575</td></tr><tr class="passedeven"><td rowspan="13">testBase.LandingPageTest</td><td><a href="#m23">Login</a></td><td rowspan="1">1744284353511</td><td rowspan="1">4707</td></tr><tr class="passedeven"><td><a href="#m24">addToCartBadgevisible</a></td><td rowspan="1">1744284369826</td><td rowspan="1">696</td></tr><tr class="passedeven"><td><a href="#m25">clickTheRemoveAddToCart</a></td><td rowspan="1">1744284368725</td><td rowspan="1">1093</td></tr><tr class="passedeven"><td><a href="#m26">verifyAppStoreReset</a></td><td rowspan="1">1744284361223</td><td rowspan="1">249</td></tr><tr class="passedeven"><td><a href="#m27">verifyHomePageLogo</a></td><td rowspan="1">1744284358228</td><td rowspan="1">733</td></tr><tr class="passedeven"><td><a href="#m28">verifyMenuAllItemsClick</a></td><td rowspan="1">1744284360292</td><td rowspan="1">924</td></tr><tr class="passedeven"><td><a href="#m29">verifyMenuClose</a></td><td rowspan="1">1744284359454</td><td rowspan="1">832</td></tr><tr class="passedeven"><td><a href="#m30">verifyMenuIconClick</a></td><td rowspan="1">1744284358974</td><td rowspan="1">452</td></tr><tr class="passedeven"><td><a href="#m31">verifyProductSortingAZ</a></td><td rowspan="1">1744284361483</td><td rowspan="1">1261</td></tr><tr class="passedeven"><td><a href="#m32">verifyProductSortingHighToLow</a></td><td rowspan="1">1744284363908</td><td rowspan="1">1336</td></tr><tr class="passedeven"><td><a href="#m33">verifyProductSortingLowToHigh</a></td><td rowspan="1">1744284365259</td><td rowspan="1">1261</td></tr><tr class="passedeven"><td><a href="#m34">verifyProductSortingZA</a></td><td rowspan="1">1744284362758</td><td rowspan="1">1129</td></tr><tr class="passedeven"><td><a href="#m35">verifyProductTitleVisibility</a></td><td rowspan="1">1744284334545</td><td rowspan="1">778</td></tr><tr class="passedodd"><td rowspan="11">testBase.LoginPageTest</td><td><a href="#m36">Login</a></td><td rowspan="1">1744284332237</td><td rowspan="1">2249</td></tr><tr class="passedodd"><td><a href="#m37">LogininVaildCrential</a></td><td rowspan="10">1744284308850</td><td rowspan="10">10727</td></tr><tr class="passedodd"><td><a href="#m38">LogininVaildCrential</a></td></tr><tr class="passedodd"><td><a href="#m39">LogininVaildCrential</a></td></tr><tr class="passedodd"><td><a href="#m40">LogininVaildCrential</a></td></tr><tr class="passedodd"><td><a href="#m41">LogininVaildCrential</a></td></tr><tr class="passedodd"><td><a href="#m42">LogininVaildCrential</a></td></tr><tr class="passedodd"><td><a href="#m43">LogininVaildCrential</a></td></tr><tr class="passedodd"><td><a href="#m44">LogininVaildCrential</a></td></tr><tr class="passedodd"><td><a href="#m45">LogininVaildCrential</a></td></tr><tr class="passedodd"><td><a href="#m46">LogininVaildCrential</a></td></tr></tbody>
</table>
<h2>Test</h2><h3 id="m0">testBase.CheckOutOverViewPageTest#VerifyTheTotalPrice</h3><table class="result"><tr><th>Exception</th></tr><tr><td><div class="stacktrace">java.lang.AssertionError: expected [Total: $32.39] but found [Item total: $29.99]
	at testBase.CheckOutOverViewPageTest.VerifyTheTotalPrice(CheckOutOverViewPageTest.java:45)
	at java.base/java.util.ArrayList.forEach(ArrayList.java:1597)
... Removed 31 stack frames</div></td></tr></table><p class="totop"><a href="#summary">back to summary</a></p>
<h3 id="m1">testBase.CheckOutPageTest#verifyTheTitleOfThePage</h3><table class="result"><tr><th>Exception</th></tr><tr><td><div class="stacktrace">java.lang.AssertionError: expected [Checkout: Your Information] but found [Checkout: Overview]
	at testBase.CheckOutPageTest.verifyTheTitleOfThePage(CheckOutPageTest.java:16)
	at java.base/java.util.ArrayList.forEach(ArrayList.java:1597)
... Removed 31 stack frames</div></td></tr></table><p class="totop"><a href="#summary">back to summary</a></p>
<h3 id="m2">testBase.LandingPageTest#clickTheAddToCart</h3><table class="result"><tr><th>Exception</th></tr><tr><td><div class="stacktrace">java.lang.AssertionError: expected [false] but found [true]
	at testBase.LandingPageTest.clickTheAddToCart(LandingPageTest.java:117)
	at java.base/java.util.ArrayList.forEach(ArrayList.java:1597)
... Removed 29 stack frames</div></td></tr></table><p class="totop"><a href="#summary">back to summary</a></p>
<h3 id="m3">testBase.LandingPageTest#verifyCartIconVisibility</h3><table class="result"><tr><th>Exception</th></tr><tr><td><div class="stacktrace">org.openqa.selenium.StaleElementReferenceException: stale element reference: stale element not found in the current frame
  (Session info: chrome=135.0.7049.42)
For documentation on this error, please visit: https://www.selenium.dev/documentation/webdriver/troubleshooting/errors#stale-element-reference-exception
Build info: version: &apos;4.30.0&apos;, revision: &apos;509c7f17cc*&apos;
System info: os.name: &apos;Windows 10&apos;, os.arch: &apos;amd64&apos;, os.version: &apos;10.0&apos;, java.version: &apos;23.0.1&apos;
Driver info: org.openqa.selenium.chrome.ChromeDriver
Command: [2403ee78d418a0cbbb7b7027c622587e, isElementDisplayed {id=f.FA3B703F1EB47BDFE4ACA6D29F41EE29.d.9289337FFF019AF174825FE90A037568.e.47}]
Capabilities {acceptInsecureCerts: false, browserName: chrome, browserVersion: 135.0.7049.42, chrome: {chromedriverVersion: 135.0.7049.84 (6c019e560019..., userDataDir: C:\Users\xmedia\AppData\Loc...}, fedcm:accounts: true, goog:chromeOptions: {debuggerAddress: localhost:58666}, networkConnectionEnabled: false, pageLoadStrategy: normal, platformName: windows, proxy: Proxy(), se:cdp: ws://localhost:58666/devtoo..., se:cdpVersion: 135.0.7049.42, setWindowRect: true, strictFileInteractability: false, timeouts: {implicit: 0, pageLoad: 300000, script: 30000}, unhandledPromptBehavior: dismiss and notify, webauthn:extension:credBlob: true, webauthn:extension:largeBlob: true, webauthn:extension:minPinLength: true, webauthn:extension:prf: true, webauthn:virtualAuthenticators: true}
Element: [[ChromeDriver: chrome on windows (2403ee78d418a0cbbb7b7027c622587e)] -&gt; class name: shopping_cart_link]
Session ID: 2403ee78d418a0cbbb7b7027c622587e
	at org.openqa.selenium.remote.ErrorCodec.decode(ErrorCodec.java:167)
	at org.openqa.selenium.remote.codec.w3c.W3CHttpResponseCodec.decode(W3CHttpResponseCodec.java:138)
	at org.openqa.selenium.remote.codec.w3c.W3CHttpResponseCodec.decode(W3CHttpResponseCodec.java:50)
	at org.openqa.selenium.remote.HttpCommandExecutor.execute(HttpCommandExecutor.java:215)
	at org.openqa.selenium.remote.service.DriverCommandExecutor.invokeExecute(DriverCommandExecutor.java:216)
	at org.openqa.selenium.remote.service.DriverCommandExecutor.execute(DriverCommandExecutor.java:174)
	at org.openqa.selenium.remote.RemoteWebDriver.execute(RemoteWebDriver.java:545)
	at org.openqa.selenium.remote.RemoteWebElement.execute(RemoteWebElement.java:223)
	at org.openqa.selenium.remote.RemoteWebElement.isDisplayed(RemoteWebElement.java:282)
	at pageObjectClass.LandingPage.addToCartIconIsVisiable(LandingPage.java:58)
	at testBase.LandingPageTest.verifyCartIconVisibility(LandingPageTest.java:108)
	at java.base/java.util.ArrayList.forEach(ArrayList.java:1597)
... Removed 28 stack frames</div></td></tr></table><p class="totop"><a href="#summary">back to summary</a></p>
<h3 id="m4">testBase.LandingPageTest#verifyLogout</h3><table class="result"><tr><th>Exception</th></tr><tr><td><div class="stacktrace">java.lang.AssertionError: expected [https://www.saucedemo.com/] but found [https://www.saucedemo.com/inventory.html]
	at testBase.LandingPageTest.verifyLogout(LandingPageTest.java:54)
	at java.base/java.util.ArrayList.forEach(ArrayList.java:1597)
... Removed 31 stack frames</div></td></tr></table><p class="totop"><a href="#summary">back to summary</a></p>
<h3 id="m5">testBase.LandingPageTest#verifyMenuAbout</h3><table class="result"><tr><th>Exception</th></tr><tr><td><div class="stacktrace">org.openqa.selenium.NoSuchElementException: no such element: Unable to locate element: {&quot;method&quot;:&quot;css selector&quot;,&quot;selector&quot;:&quot;#react\-burger\-menu\-btn&quot;}
  (Session info: chrome=135.0.7049.42)
For documentation on this error, please visit: https://www.selenium.dev/documentation/webdriver/troubleshooting/errors#no-such-element-exception
Build info: version: &apos;4.30.0&apos;, revision: &apos;509c7f17cc*&apos;
System info: os.name: &apos;Windows 10&apos;, os.arch: &apos;amd64&apos;, os.version: &apos;10.0&apos;, java.version: &apos;23.0.1&apos;
Driver info: org.openqa.selenium.chrome.ChromeDriver
Command: [2403ee78d418a0cbbb7b7027c622587e, findElement {using=id, value=react-burger-menu-btn}]
Capabilities {acceptInsecureCerts: false, browserName: chrome, browserVersion: 135.0.7049.42, chrome: {chromedriverVersion: 135.0.7049.84 (6c019e560019..., userDataDir: C:\Users\xmedia\AppData\Loc...}, fedcm:accounts: true, goog:chromeOptions: {debuggerAddress: localhost:58666}, networkConnectionEnabled: false, pageLoadStrategy: normal, platformName: windows, proxy: Proxy(), se:cdp: ws://localhost:58666/devtoo..., se:cdpVersion: 135.0.7049.42, setWindowRect: true, strictFileInteractability: false, timeouts: {implicit: 0, pageLoad: 300000, script: 30000}, unhandledPromptBehavior: dismiss and notify, webauthn:extension:credBlob: true, webauthn:extension:largeBlob: true, webauthn:extension:minPinLength: true, webauthn:extension:prf: true, webauthn:virtualAuthenticators: true}
Session ID: 2403ee78d418a0cbbb7b7027c622587e
	at org.openqa.selenium.remote.ErrorCodec.decode(ErrorCodec.java:167)
	at org.openqa.selenium.remote.codec.w3c.W3CHttpResponseCodec.decode(W3CHttpResponseCodec.java:138)
	at org.openqa.selenium.remote.codec.w3c.W3CHttpResponseCodec.decode(W3CHttpResponseCodec.java:50)
	at org.openqa.selenium.remote.HttpCommandExecutor.execute(HttpCommandExecutor.java:215)
	at org.openqa.selenium.remote.service.DriverCommandExecutor.invokeExecute(DriverCommandExecutor.java:216)
	at org.openqa.selenium.remote.service.DriverCommandExecutor.execute(DriverCommandExecutor.java:174)
	at org.openqa.selenium.remote.RemoteWebDriver.execute(RemoteWebDriver.java:545)
	at org.openqa.selenium.remote.ElementLocation$ElementFinder$2.findElement(ElementLocation.java:165)
	at org.openqa.selenium.remote.ElementLocation.findElement(ElementLocation.java:59)
	at org.openqa.selenium.remote.RemoteWebDriver.findElement(RemoteWebDriver.java:368)
	at org.openqa.selenium.remote.RemoteWebDriver.findElement(RemoteWebDriver.java:362)
	at pageObjectClass.LandingPage.clickTheMenuIcon(LandingPage.java:46)
	at testBase.LandingPageTest.verifyMenuAbout(LandingPageTest.java:60)
	at java.base/java.util.ArrayList.forEach(ArrayList.java:1597)
... Removed 28 stack frames</div></td></tr></table><p class="totop"><a href="#summary">back to summary</a></p>
<h3 id="m6">testBase.CartPageTest#clickTheCheckOutButton</h3><table class="result"><tr><th class="invisible"/></tr></table><p class="totop"><a href="#summary">back to summary</a></p>
<h3 id="m7">testBase.CartPageTest#verifyTheTitleOfThePage</h3><table class="result"><tr><th class="invisible"/></tr></table><p class="totop"><a href="#summary">back to summary</a></p>
<h3 id="m8">testBase.CheckOutCompletePageTest#VerifyTheCompleteTextMessage</h3><table class="result"><tr><th class="invisible"/></tr></table><p class="totop"><a href="#summary">back to summary</a></p>
<h3 id="m9">testBase.CheckOutCompletePageTest#VerifyTheFinishButtonClickable</h3><table class="result"><tr><th class="invisible"/></tr></table><p class="totop"><a href="#summary">back to summary</a></p>
<h3 id="m10">testBase.CheckOutCompletePageTest#VerifyTheThanksMessage</h3><table class="result"><tr><th class="invisible"/></tr></table><p class="totop"><a href="#summary">back to summary</a></p>
<h3 id="m11">testBase.CheckOutCompletePageTest#VerifyTheTickIconVisibele</h3><table class="result"><tr><th class="invisible"/></tr></table><p class="totop"><a href="#summary">back to summary</a></p>
<h3 id="m12">testBase.CheckOutCompletePageTest#verifyTheTiTleOfThePage</h3><table class="result"><tr><th class="invisible"/></tr></table><p class="totop"><a href="#summary">back to summary</a></p>
<h3 id="m13">testBase.CheckOutOverViewPageTest#VerifyTheFinishButtonClickable</h3><table class="result"><tr><th class="invisible"/></tr></table><p class="totop"><a href="#summary">back to summary</a></p>
<h3 id="m14">testBase.CheckOutOverViewPageTest#VerifyTheItemTax</h3><table class="result"><tr><th class="invisible"/></tr></table><p class="totop"><a href="#summary">back to summary</a></p>
<h3 id="m15">testBase.CheckOutOverViewPageTest#VerifyTheItemTotalInformation</h3><table class="result"><tr><th class="invisible"/></tr></table><p class="totop"><a href="#summary">back to summary</a></p>
<h3 id="m16">testBase.CheckOutOverViewPageTest#VerifyThePaymentImfomation</h3><table class="result"><tr><th class="invisible"/></tr></table><p class="totop"><a href="#summary">back to summary</a></p>
<h3 id="m17">testBase.CheckOutOverViewPageTest#VerifyTheShopingInformation</h3><table class="result"><tr><th class="invisible"/></tr></table><p class="totop"><a href="#summary">back to summary</a></p>
<h3 id="m18">testBase.CheckOutOverViewPageTest#verifyTheTiTleOfThePage</h3><table class="result"><tr><th class="invisible"/></tr></table><p class="totop"><a href="#summary">back to summary</a></p>
<h3 id="m19">testBase.CheckOutPageTest#clicktheContinue</h3><table class="result"><tr><th class="invisible"/></tr></table><p class="totop"><a href="#summary">back to summary</a></p>
<h3 id="m20">testBase.CheckOutPageTest#enterTheFirstName</h3><table class="result"><tr><th class="invisible"/></tr></table><p class="totop"><a href="#summary">back to summary</a></p>
<h3 id="m21">testBase.CheckOutPageTest#enterTheLastName</h3><table class="result"><tr><th class="invisible"/></tr></table><p class="totop"><a href="#summary">back to summary</a></p>
<h3 id="m22">testBase.CheckOutPageTest#enterTheZipCode</h3><table class="result"><tr><th class="invisible"/></tr></table><p class="totop"><a href="#summary">back to summary</a></p>
<h3 id="m23">testBase.LandingPageTest#Login</h3><table class="result"><tr><th class="invisible"/></tr></table><p class="totop"><a href="#summary">back to summary</a></p>
<h3 id="m24">testBase.LandingPageTest#addToCartBadgevisible</h3><table class="result"><tr><th class="invisible"/></tr></table><p class="totop"><a href="#summary">back to summary</a></p>
<h3 id="m25">testBase.LandingPageTest#clickTheRemoveAddToCart</h3><table class="result"><tr><th class="invisible"/></tr></table><p class="totop"><a href="#summary">back to summary</a></p>
<h3 id="m26">testBase.LandingPageTest#verifyAppStoreReset</h3><table class="result"><tr><th class="invisible"/></tr></table><p class="totop"><a href="#summary">back to summary</a></p>
<h3 id="m27">testBase.LandingPageTest#verifyHomePageLogo</h3><table class="result"><tr><th class="invisible"/></tr></table><p class="totop"><a href="#summary">back to summary</a></p>
<h3 id="m28">testBase.LandingPageTest#verifyMenuAllItemsClick</h3><table class="result"><tr><th class="invisible"/></tr></table><p class="totop"><a href="#summary">back to summary</a></p>
<h3 id="m29">testBase.LandingPageTest#verifyMenuClose</h3><table class="result"><tr><th class="invisible"/></tr></table><p class="totop"><a href="#summary">back to summary</a></p>
<h3 id="m30">testBase.LandingPageTest#verifyMenuIconClick</h3><table class="result"><tr><th class="invisible"/></tr></table><p class="totop"><a href="#summary">back to summary</a></p>
<h3 id="m31">testBase.LandingPageTest#verifyProductSortingAZ</h3><table class="result"><tr><th class="invisible"/></tr></table><p class="totop"><a href="#summary">back to summary</a></p>
<h3 id="m32">testBase.LandingPageTest#verifyProductSortingHighToLow</h3><table class="result"><tr><th class="invisible"/></tr></table><p class="totop"><a href="#summary">back to summary</a></p>
<h3 id="m33">testBase.LandingPageTest#verifyProductSortingLowToHigh</h3><table class="result"><tr><th class="invisible"/></tr></table><p class="totop"><a href="#summary">back to summary</a></p>
<h3 id="m34">testBase.LandingPageTest#verifyProductSortingZA</h3><table class="result"><tr><th class="invisible"/></tr></table><p class="totop"><a href="#summary">back to summary</a></p>
<h3 id="m35">testBase.LandingPageTest#verifyProductTitleVisibility</h3><table class="result"><tr><th class="invisible"/></tr></table><p class="totop"><a href="#summary">back to summary</a></p>
<h3 id="m36">testBase.LoginPageTest#Login</h3><table class="result"><tr><th class="invisible"/></tr></table><p class="totop"><a href="#summary">back to summary</a></p>
<h3 id="m37">testBase.LoginPageTest#LogininVaildCrential</h3><table class="result"><tr class="param"><th>Parameter #1</th><th>Parameter #2</th></tr><tr class="param stripe"><td>problem_user@domain.com</td><td>wrong_password</td></tr></table><p class="totop"><a href="#summary">back to summary</a></p>
<h3 id="m38">testBase.LoginPageTest#LogininVaildCrential</h3><table class="result"><tr class="param"><th>Parameter #1</th><th>Parameter #2</th></tr><tr class="param stripe"><td>standard_user@example.com</td><td></td></tr></table><p class="totop"><a href="#summary">back to summary</a></p>
<h3 id="m39">testBase.LoginPageTest#LogininVaildCrential</h3><table class="result"><tr class="param"><th>Parameter #1</th><th>Parameter #2</th></tr><tr class="param stripe"><td>error_user@platform.com</td><td>wrong_password</td></tr></table><p class="totop"><a href="#summary">back to summary</a></p>
<h3 id="m40">testBase.LoginPageTest#LogininVaildCrential</h3><table class="result"><tr class="param"><th>Parameter #1</th><th>Parameter #2</th></tr><tr class="param stripe"><td>performance_glitch_user@service.com</td><td>wrong_password</td></tr></table><p class="totop"><a href="#summary">back to summary</a></p>
<h3 id="m41">testBase.LoginPageTest#LogininVaildCrential</h3><table class="result"><tr class="param"><th>Parameter #1</th><th>Parameter #2</th></tr><tr class="param stripe"><td>standard_user@example.com</td><td>wrong_password</td></tr></table><p class="totop"><a href="#summary">back to summary</a></p>
<h3 id="m42">testBase.LoginPageTest#LogininVaildCrential</h3><table class="result"><tr class="param"><th>Parameter #1</th><th>Parameter #2</th></tr><tr class="param stripe"><td>invalid_user@xyz.com</td><td>secret_sauce</td></tr></table><p class="totop"><a href="#summary">back to summary</a></p>
<h3 id="m43">testBase.LoginPageTest#LogininVaildCrential</h3><table class="result"><tr class="param"><th>Parameter #1</th><th>Parameter #2</th></tr><tr class="param stripe"><td></td><td></td></tr></table><p class="totop"><a href="#summary">back to summary</a></p>
<h3 id="m44">testBase.LoginPageTest#LogininVaildCrential</h3><table class="result"><tr class="param"><th>Parameter #1</th><th>Parameter #2</th></tr><tr class="param stripe"><td></td><td>secret_sauce</td></tr></table><p class="totop"><a href="#summary">back to summary</a></p>
<h3 id="m45">testBase.LoginPageTest#LogininVaildCrential</h3><table class="result"><tr class="param"><th>Parameter #1</th><th>Parameter #2</th></tr><tr class="param stripe"><td>locked_out_user@company.com</td><td>wrong_password</td></tr></table><p class="totop"><a href="#summary">back to summary</a></p>
<h3 id="m46">testBase.LoginPageTest#LogininVaildCrential</h3><table class="result"><tr class="param"><th>Parameter #1</th><th>Parameter #2</th></tr><tr class="param stripe"><td>visual_user@domain.co</td><td>wrong_password</td></tr></table><p class="totop"><a href="#summary">back to summary</a></p>
</body>
</html>
